TN:
SF:src/config/db.js
FNF:0
FNH:0
DA:1,1
DA:2,1
DA:5,1
DA:17,1
LF:4
LH:4
BRDA:6,0,0,1
BRDA:6,0,1,1
BRDA:7,1,0,1
BRDA:7,1,1,1
BRDA:8,2,0,1
BRDA:8,2,1,1
BRDA:9,3,0,1
BRDA:9,3,1,1
BRF:8
BRH:8
end_of_record
TN:
SF:src/middleware/auth.js
FN:3,(anonymous_0)
FNF:1
FNH:0
FNDA:0,(anonymous_0)
DA:1,2
DA:3,2
DA:4,0
DA:6,0
DA:7,0
DA:13,0
DA:14,0
DA:15,0
DA:16,0
DA:18,0
DA:19,0
DA:21,0
DA:28,2
LF:13
LH:3
BRDA:6,0,0,0
BRDA:6,0,1,0
BRDA:16,1,0,0
BRDA:16,1,1,0
BRF:4
BRH:0
end_of_record
TN:
SF:src/middleware/requireAdmin.js
FN:3,requireAdmin
FNF:1
FNH:0
FNDA:0,requireAdmin
DA:3,1
DA:4,0
DA:5,0
DA:6,0
DA:7,0
DA:9,0
DA:11,0
LF:7
LH:1
BRDA:5,0,0,0
BRDA:5,0,1,0
BRDA:6,1,0,0
BRDA:6,1,1,0
BRF:4
BRH:0
end_of_record
TN:
SF:src/routes/empresa.js
FN:14,(anonymous_0)
FN:32,(anonymous_1)
FN:52,(anonymous_2)
FN:81,(anonymous_3)
FN:120,(anonymous_4)
FN:143,(anonymous_5)
FNF:6
FNH:5
FNDA:4,(anonymous_0)
FNDA:4,(anonymous_1)
FNDA:6,(anonymous_2)
FNDA:5,(anonymous_3)
FNDA:7,(anonymous_4)
FNDA:0,(anonymous_5)
DA:1,1
DA:2,1
DA:3,1
DA:4,1
DA:5,1
DA:6,1
DA:7,1
DA:8,1
DA:11,1
DA:14,1
DA:15,4
DA:16,4
DA:20,2
DA:21,1
DA:23,1
DA:25,2
DA:26,2
DA:32,1
DA:33,4
DA:34,4
DA:41,2
DA:42,1
DA:44,1
DA:46,2
DA:47,2
DA:52,1
DA:53,6
DA:54,6
DA:55,5
DA:56,5
DA:57,5
DA:58,5
DA:59,5
DA:60,5
DA:61,5
DA:62,5
DA:63,5
DA:64,4
DA:65,4
DA:69,2
DA:70,1
DA:72,3
DA:73,1
DA:75,2
DA:76,2
DA:81,1
DA:82,5
DA:93,5
DA:94,4
DA:95,4
DA:96,4
DA:97,4
DA:98,4
DA:99,4
DA:100,4
DA:101,4
DA:102,4
DA:103,4
DA:104,4
DA:105,4
DA:106,3
DA:107,3
DA:111,2
DA:112,1
DA:114,2
DA:115,2
DA:120,1
DA:121,7
DA:123,7
DA:124,5
DA:125,3
DA:127,3
DA:128,3
DA:129,3
DA:130,3
DA:131,2
DA:132,1
DA:134,3
DA:135,3
DA:137,2
DA:138,2
DA:143,1
DA:144,0
DA:145,0
DA:147,0
DA:148,0
DA:149,0
DA:152,0
DA:153,0
DA:156,0
DA:157,0
DA:158,0
DA:159,0
DA:160,0
DA:163,0
DA:164,0
DA:166,0
DA:167,0
DA:169,0
DA:170,0
DA:174,1
LF:101
LH:83
BRDA:20,0,0,1
BRDA:20,0,1,1
BRDA:41,1,0,1
BRDA:41,1,1,1
BRDA:57,2,0,3
BRDA:57,2,1,2
BRDA:58,3,0,1
BRDA:58,3,1,4
BRDA:59,4,0,0
BRDA:59,4,1,5
BRDA:60,5,0,0
BRDA:60,5,1,5
BRDA:61,6,0,0
BRDA:61,6,1,5
BRDA:62,7,0,0
BRDA:62,7,1,5
BRDA:63,8,0,1
BRDA:63,8,1,4
BRDA:69,9,0,1
BRDA:69,9,1,1
BRDA:72,10,0,1
BRDA:72,10,1,2
BRDA:72,11,0,3
BRDA:72,11,1,3
BRDA:96,12,0,3
BRDA:96,12,1,1
BRDA:97,13,0,0
BRDA:97,13,1,4
BRDA:98,14,0,0
BRDA:98,14,1,4
BRDA:99,15,0,0
BRDA:99,15,1,4
BRDA:100,16,0,0
BRDA:100,16,1,4
BRDA:101,17,0,0
BRDA:101,17,1,4
BRDA:102,18,0,0
BRDA:102,18,1,4
BRDA:103,19,0,0
BRDA:103,19,1,4
BRDA:104,20,0,0
BRDA:104,20,1,4
BRDA:105,21,0,1
BRDA:105,21,1,3
BRDA:111,22,0,1
BRDA:111,22,1,1
BRDA:124,23,0,2
BRDA:124,23,1,3
BRDA:124,24,0,5
BRDA:124,24,1,4
BRDA:128,25,0,3
BRDA:128,25,1,0
BRDA:130,26,0,1
BRDA:130,26,1,2
BRDA:130,27,0,3
BRDA:130,27,1,1
BRDA:130,27,2,1
BRDA:131,28,0,1
BRDA:131,28,1,1
BRDA:131,29,0,2
BRDA:131,29,1,1
BRDA:131,29,2,1
BRDA:131,29,3,1
BRDA:132,30,0,1
BRDA:132,30,1,0
BRDA:132,31,0,1
BRDA:132,31,1,1
BRDA:132,31,2,1
BRDA:132,31,3,1
BRDA:145,32,0,0
BRDA:145,32,1,0
BRDA:145,33,0,0
BRDA:145,33,1,0
BRDA:148,34,0,0
BRDA:148,34,1,0
BRDA:157,35,0,0
BRDA:157,35,1,0
BRDA:157,35,2,0
BRDA:158,36,0,0
BRDA:158,36,1,0
BRDA:158,37,0,0
BRDA:158,37,1,0
BRDA:158,37,2,0
BRDA:160,38,0,0
BRDA:160,38,1,0
BRDA:166,39,0,0
BRDA:166,39,1,0
BRDA:166,40,0,0
BRDA:166,40,1,0
BRF:89
BRH:55
end_of_record
TN:
SF:src/routes/movimientos.js
FN:7,obtenerTarifaActiva
FN:19,calcularTotalMixto
FN:67,calcularTotal
FN:89,(anonymous_3)
FN:154,(anonymous_4)
FN:234,(anonymous_5)
FN:252,(anonymous_6)
FN:292,(anonymous_7)
FNF:8
FNH:2
FNDA:0,obtenerTarifaActiva
FNDA:8,calcularTotalMixto
FNDA:19,calcularTotal
FNDA:0,(anonymous_3)
FNDA:0,(anonymous_4)
FNDA:0,(anonymous_5)
FNDA:0,(anonymous_6)
FNDA:0,(anonymous_7)
DA:1,1
DA:2,1
DA:3,1
DA:4,1
DA:8,0
DA:15,0
DA:20,8
DA:21,8
DA:22,8
DA:23,8
DA:24,8
DA:25,8
DA:26,8
DA:28,8
DA:29,8
DA:30,8
DA:33,8
DA:34,6
DA:35,6
DA:36,6
DA:38,2
DA:39,2
DA:40,2
DA:44,8
DA:45,6
DA:46,6
DA:47,6
DA:48,0
DA:50,6
DA:51,6
DA:52,6
DA:56,8
DA:57,0
DA:58,0
DA:59,0
DA:60,0
DA:61,0
DA:64,8
DA:68,19
DA:69,19
DA:70,19
DA:71,19
DA:73,19
DA:74,7
DA:76,12
DA:77,5
DA:78,5
DA:80,7
DA:81,5
DA:82,5
DA:85,2
DA:89,1
DA:90,0
DA:91,0
DA:92,0
DA:94,0
DA:95,0
DA:98,0
DA:99,0
DA:100,0
DA:104,0
DA:109,0
DA:110,0
DA:114,0
DA:116,0
DA:120,0
DA:124,0
DA:125,0
DA:128,0
DA:134,0
DA:146,0
DA:148,0
DA:149,0
DA:154,1
DA:155,0
DA:156,0
DA:157,0
DA:158,0
DA:159,0
DA:162,0
DA:166,0
DA:167,0
DA:169,0
DA:171,0
DA:175,0
DA:176,0
DA:178,0
DA:180,0
DA:181,0
DA:182,0
DA:185,0
DA:189,0
DA:190,0
DA:192,0
DA:198,0
DA:199,0
DA:206,0
DA:221,0
DA:223,0
DA:224,0
DA:228,1
DA:229,1
DA:230,1
DA:233,1
DA:234,1
DA:235,0
DA:236,0
DA:243,0
DA:244,0
DA:246,0
DA:247,0
DA:252,1
DA:253,0
DA:254,0
DA:255,0
DA:263,0
DA:264,0
DA:265,0
DA:267,0
DA:268,0
DA:269,0
DA:270,0
DA:271,0
DA:272,0
DA:273,0
DA:275,0
DA:279,0
DA:292,0
DA:294,0
DA:296,0
DA:297,0
LF:131
LH:51
BRDA:15,0,0,0
BRDA:15,0,1,0
BRDA:23,1,0,8
BRDA:23,1,1,0
BRDA:24,2,0,8
BRDA:24,2,1,0
BRDA:25,3,0,8
BRDA:25,3,1,0
BRDA:26,4,0,8
BRDA:26,4,1,0
BRDA:33,5,0,6
BRDA:33,5,1,2
BRDA:33,6,0,8
BRDA:33,6,1,8
BRDA:44,7,0,6
BRDA:44,7,1,2
BRDA:46,8,0,6
BRDA:46,8,1,0
BRDA:47,9,0,0
BRDA:47,9,1,6
BRDA:47,10,0,6
BRDA:47,10,1,6
BRDA:56,11,0,0
BRDA:56,11,1,8
BRDA:58,12,0,0
BRDA:58,12,1,0
BRDA:71,13,0,19
BRDA:71,13,1,1
BRDA:73,14,0,7
BRDA:73,14,1,12
BRDA:76,15,0,5
BRDA:76,15,1,7
BRDA:80,16,0,5
BRDA:80,16,1,2
BRDA:94,17,0,0
BRDA:94,17,1,0
BRDA:94,18,0,0
BRDA:94,18,1,0
BRDA:99,19,0,0
BRDA:99,19,1,0
BRDA:109,20,0,0
BRDA:109,20,1,0
BRDA:124,21,0,0
BRDA:124,21,1,0
BRDA:158,22,0,0
BRDA:158,22,1,0
BRDA:166,23,0,0
BRDA:166,23,1,0
BRDA:175,24,0,0
BRDA:175,24,1,0
BRDA:181,25,0,0
BRDA:181,25,1,0
BRDA:198,26,0,0
BRDA:198,26,1,0
BRDA:243,27,0,0
BRDA:243,27,1,0
BRDA:263,28,0,0
BRDA:263,28,1,0
BRDA:265,29,0,0
BRDA:265,29,1,0
BRDA:291,30,0,0
BRDA:291,30,1,0
BRDA:292,31,0,0
BRDA:292,31,1,0
BRF:64
BRH:23
end_of_record
TN:
SF:src/routes/turnos.service.js
FN:2,getTurnoAbierto
FN:34,getTotalesSistema
FN:68,getConteoTickets
FN:81,(anonymous_3)
FN:94,obtenerTurnoActual
FN:120,abrirTurno
FNF:6
FNH:6
FNDA:2,getTurnoAbierto
FNDA:3,getTotalesSistema
FNDA:3,getConteoTickets
FNDA:5,(anonymous_3)
FNDA:2,obtenerTurnoActual
FNDA:2,abrirTurno
DA:3,2
DA:4,2
DA:9,2
DA:10,1
DA:17,1
DA:23,0
DA:24,0
DA:35,3
DA:36,3
DA:47,3
DA:48,3
DA:55,0
DA:56,0
DA:69,3
DA:70,3
DA:80,3
DA:81,3
DA:82,5
DA:85,3
DA:87,0
DA:88,0
DA:95,2
DA:96,2
DA:101,2
DA:103,2
DA:109,0
DA:110,0
DA:121,2
DA:123,2
DA:128,2
DA:129,1
DA:133,1
DA:138,1
DA:140,0
DA:141,0
DA:147,1
LF:36
LH:26
BRDA:9,0,0,1
BRDA:9,0,1,1
BRDA:44,1,0,3
BRDA:44,1,1,0
BRDA:47,2,0,3
BRDA:47,2,1,1
BRDA:49,3,0,3
BRDA:49,3,1,2
BRDA:50,4,0,3
BRDA:50,4,1,2
BRDA:51,5,0,3
BRDA:51,5,1,2
BRDA:52,6,0,3
BRDA:52,6,1,2
BRDA:77,7,0,3
BRDA:77,7,1,0
BRDA:82,8,0,4
BRDA:82,8,1,1
BRDA:82,9,0,4
BRDA:82,9,1,0
BRDA:101,10,0,2
BRDA:101,10,1,1
BRDA:105,11,0,1
BRDA:105,11,1,1
BRDA:128,12,0,1
BRDA:128,12,1,1
BRDA:135,13,0,1
BRDA:135,13,1,0
BRDA:135,14,0,1
BRDA:135,14,1,0
BRF:30
BRH:25
end_of_record
TN:
SF:src/routes/usuarios.service.js
FN:3,listarUsuariosPorEmpresa
FNF:1
FNH:1
FNDA:2,listarUsuariosPorEmpresa
DA:4,2
DA:5,2
DA:13,2
DA:14,1
DA:21,1
DA:27,0
DA:28,0
DA:36,1
LF:8
LH:6
BRDA:13,0,0,1
BRDA:13,0,1,1
BRF:2
BRH:2
end_of_record
TN:
SF:src/routes/vehiculos.service.js
FN:3,crearVehiculo
FN:33,obtenerVehiculoEspecifico
FN:56,actualizarVehiculo
FN:98,obtenerVehiculos
FN:126,obtenerHistorialVehiculo
FN:172,eliminarVehiculo
FNF:6
FNH:6
FNDA:2,crearVehiculo
FNDA:2,obtenerVehiculoEspecifico
FNDA:2,actualizarVehiculo
FNDA:2,obtenerVehiculos
FNDA:2,obtenerHistorialVehiculo
FNDA:2,eliminarVehiculo
DA:5,2
DA:10,2
DA:11,1
DA:19,1
DA:25,1
DA:34,2
DA:39,2
DA:40,1
DA:47,1
DA:57,2
DA:59,2
DA:61,2
DA:66,2
DA:67,1
DA:75,1
DA:82,1
DA:88,0
DA:89,0
DA:99,2
DA:100,2
DA:117,2
DA:119,0
DA:120,0
DA:127,2
DA:128,2
DA:148,2
DA:149,1
DA:156,1
DA:162,0
DA:163,0
DA:173,2
DA:175,2
DA:180,2
DA:181,1
DA:188,1
DA:193,1
DA:198,0
DA:199,0
DA:206,1
LF:39
LH:31
BRDA:10,0,0,1
BRDA:10,0,1,1
BRDA:39,1,0,1
BRDA:39,1,1,1
BRDA:66,2,0,1
BRDA:66,2,1,1
BRDA:148,3,0,1
BRDA:148,3,1,1
BRDA:148,4,0,2
BRDA:148,4,1,2
BRDA:180,5,0,1
BRDA:180,5,1,1
BRF:12
BRH:12
end_of_record
TN:
SF:src/utils/sanitize.js
FN:4,toSafeInt
FN:14,toSafeLike
FN:18,(anonymous_2)
FN:23,toSafeTipoVehiculo
FN:30,sanitizeReportFilters
FN:52,sanitizeIdParam
FN:53,(anonymous_6)
FNF:7
FNH:1
FNDA:0,toSafeInt
FNDA:0,toSafeLike
FNDA:0,(anonymous_2)
FNDA:0,toSafeTipoVehiculo
FNDA:0,sanitizeReportFilters
FNDA:2,sanitizeIdParam
FNDA:0,(anonymous_6)
DA:1,1
DA:5,0
DA:6,0
DA:7,0
DA:8,0
DA:9,0
DA:10,0
DA:15,0
DA:16,0
DA:18,0
DA:19,0
DA:24,0
DA:25,0
DA:26,0
DA:31,0
DA:32,0
DA:33,0
DA:34,0
DA:35,0
DA:36,0
DA:37,0
DA:38,0
DA:39,0
DA:40,0
DA:42,0
DA:45,0
DA:47,0
DA:53,2
DA:54,0
DA:55,0
DA:56,0
DA:57,0
DA:58,0
DA:62,1
LF:34
LH:3
BRDA:4,0,0,0
BRDA:4,1,0,0
BRDA:4,2,0,0
BRDA:4,3,0,0
BRDA:6,4,0,0
BRDA:6,4,1,0
BRDA:8,5,0,0
BRDA:8,5,1,0
BRDA:9,6,0,0
BRDA:9,6,1,0
BRDA:14,7,0,0
BRDA:14,8,0,0
BRDA:15,9,0,0
BRDA:15,9,1,0
BRDA:16,10,0,0
BRDA:16,10,1,0
BRDA:24,11,0,0
BRDA:24,11,1,0
BRDA:26,12,0,0
BRDA:26,12,1,0
BRDA:32,13,0,0
BRDA:32,13,1,0
BRDA:33,14,0,0
BRDA:33,14,1,0
BRDA:33,15,0,0
BRDA:33,15,1,0
BRDA:34,16,0,0
BRDA:34,16,1,0
BRDA:34,17,0,0
BRDA:34,17,1,0
BRDA:35,18,0,0
BRDA:35,18,1,0
BRDA:35,19,0,0
BRDA:35,19,1,0
BRDA:37,20,0,0
BRDA:37,20,1,0
BRDA:52,21,0,0
BRDA:54,22,0,0
BRDA:54,22,1,0
BRDA:56,23,0,0
BRDA:56,23,1,0
BRF:41
BRH:0
end_of_record
